<?xml version="1.0" encoding="UTF-8" ?>
<testsuite tests="11" failures="0" name="com.sisyphuswxg.mybatis.UserTest" time="1.853" errors="1" skipped="0">
  <properties>
[...]
</properties>
  <testcase classname="com.sisyphuswxg.mybatis.UserTest" name="TestDelete" time="1.042"/>
  <testcase classname="com.sisyphuswxg.mybatis.UserTest" name="TestInsert" time="0.12"/>
  <testcase classname="com.sisyphuswxg.mybatis.UserTest" name="testfindBatchAndBatchDetail" time="0.071">
    <error message="Expected one result (or null) to be returned by selectOne(), but found: 2" type="org.apache.ibatis.exceptions.TooManyResultsException">org.apache.ibatis.exceptions.TooManyResultsException: Expected one result (or null) to be returned by selectOne(), but found: 2
	at org.apache.ibatis.session.defaults.DefaultSqlSession.selectOne(DefaultSqlSession.java:80)
	at org.apache.ibatis.session.defaults.DefaultSqlSession.selectOne(DefaultSqlSession.java:70)
	at com.sisyphuswxg.mybatis.UserTest.testfindBatchAndBatchDetail(UserTest.java:198)
	at sun.reflect.NativeMethodAccessorImpl.invoke0(Native Method)
	at sun.reflect.NativeMethodAccessorImpl.invoke(NativeMethodAccessorImpl.java:62)
	at sun.reflect.DelegatingMethodAccessorImpl.invoke(DelegatingMethodAccessorImpl.java:43)
	at java.lang.reflect.Method.invoke(Method.java:498)
	at org.junit.runners.model.FrameworkMethod$1.runReflectiveCall(FrameworkMethod.java:47)
	at org.junit.internal.runners.model.ReflectiveCallable.run(ReflectiveCallable.java:12)
	at org.junit.runners.model.FrameworkMethod.invokeExplosively(FrameworkMethod.java:44)
	at org.junit.internal.runners.statements.InvokeMethod.evaluate(InvokeMethod.java:17)
	at org.junit.runners.ParentRunner.runLeaf(ParentRunner.java:271)
	at org.junit.runners.BlockJUnit4ClassRunner.runChild(BlockJUnit4ClassRunner.java:70)
	at org.junit.runners.BlockJUnit4ClassRunner.runChild(BlockJUnit4ClassRunner.java:50)
	at org.junit.runners.ParentRunner$3.run(ParentRunner.java:238)
	at org.junit.runners.ParentRunner$1.schedule(ParentRunner.java:63)
	at org.junit.runners.ParentRunner.runChildren(ParentRunner.java:236)
	at org.junit.runners.ParentRunner.access$000(ParentRunner.java:53)
	at org.junit.runners.ParentRunner$2.evaluate(ParentRunner.java:229)
	at org.junit.runners.ParentRunner.run(ParentRunner.java:309)
	at org.apache.maven.surefire.junit4.JUnit4Provider.execute(JUnit4Provider.java:252)
	at org.apache.maven.surefire.junit4.JUnit4Provider.executeTestSet(JUnit4Provider.java:141)
	at org.apache.maven.surefire.junit4.JUnit4Provider.invoke(JUnit4Provider.java:112)
	at sun.reflect.NativeMethodAccessorImpl.invoke0(Native Method)
	at sun.reflect.NativeMethodAccessorImpl.invoke(NativeMethodAccessorImpl.java:62)
	at sun.reflect.DelegatingMethodAccessorImpl.invoke(DelegatingMethodAccessorImpl.java:43)
	at java.lang.reflect.Method.invoke(Method.java:498)
	at org.apache.maven.surefire.util.ReflectionUtils.invokeMethodWithArray(ReflectionUtils.java:189)
	at org.apache.maven.surefire.booter.ProviderFactory$ProviderProxy.invoke(ProviderFactory.java:165)
	at org.apache.maven.surefire.booter.ProviderFactory.invokeProvider(ProviderFactory.java:85)
	at org.apache.maven.surefire.booter.ForkedBooter.runSuitesInProcess(ForkedBooter.java:115)
	at org.apache.maven.surefire.booter.ForkedBooter.main(ForkedBooter.java:75)
</error>
    <system-out>DEBUG [main] - Logging initialized using &apos;class org.apache.ibatis.logging.log4j.Log4jImpl&apos; adapter.
DEBUG [main] - Find JAR URL: file:/Users/wangxg/JavaCode/Java_SpringMVC_MyBatis_Learning/MyBatisDemo/target/classes/com/sisyphuswxg/mybatis/po
DEBUG [main] - Not a JAR: file:/Users/wangxg/JavaCode/Java_SpringMVC_MyBatis_Learning/MyBatisDemo/target/classes/com/sisyphuswxg/mybatis/po
DEBUG [main] - Reader entry: Batch.class
DEBUG [main] - Reader entry: BatchCustomer.class
DEBUG [main] - Reader entry: BatchDetail.class
DEBUG [main] - Reader entry: BatchItem.class
DEBUG [main] - Reader entry: Customer.class
DEBUG [main] - Reader entry: FinacialProduct.class
DEBUG [main] - Reader entry: GamePlayer.class
DEBUG [main] - Reader entry: Product.class
DEBUG [main] - Reader entry: User.class
DEBUG [main] - Reader entry: UserInstance.class
DEBUG [main] - Reader entry: UserQueryInfo.class
DEBUG [main] - Listing file:/Users/wangxg/JavaCode/Java_SpringMVC_MyBatis_Learning/MyBatisDemo/target/classes/com/sisyphuswxg/mybatis/po
DEBUG [main] - Find JAR URL: file:/Users/wangxg/JavaCode/Java_SpringMVC_MyBatis_Learning/MyBatisDemo/target/classes/com/sisyphuswxg/mybatis/po/Batch.class
DEBUG [main] - Not a JAR: file:/Users/wangxg/JavaCode/Java_SpringMVC_MyBatis_Learning/MyBatisDemo/target/classes/com/sisyphuswxg/mybatis/po/Batch.class
DEBUG [main] - Reader entry: ����&amp;#0;&amp;#0;&amp;#0;4&amp;#0;?
DEBUG [main] - Find JAR URL: file:/Users/wangxg/JavaCode/Java_SpringMVC_MyBatis_Learning/MyBatisDemo/target/classes/com/sisyphuswxg/mybatis/po/BatchCustomer.class
DEBUG [main] - Not a JAR: file:/Users/wangxg/JavaCode/Java_SpringMVC_MyBatis_Learning/MyBatisDemo/target/classes/com/sisyphuswxg/mybatis/po/BatchCustomer.class
DEBUG [main] - Reader entry: ����&amp;#0;&amp;#0;&amp;#0;4&amp;#0;&amp;#29;
DEBUG [main] - Find JAR URL: file:/Users/wangxg/JavaCode/Java_SpringMVC_MyBatis_Learning/MyBatisDemo/target/classes/com/sisyphuswxg/mybatis/po/BatchDetail.class
DEBUG [main] - Not a JAR: file:/Users/wangxg/JavaCode/Java_SpringMVC_MyBatis_Learning/MyBatisDemo/target/classes/com/sisyphuswxg/mybatis/po/BatchDetail.class
DEBUG [main] - Reader entry: ����&amp;#0;&amp;#0;&amp;#0;4&amp;#0;/
DEBUG [main] - Find JAR URL: file:/Users/wangxg/JavaCode/Java_SpringMVC_MyBatis_Learning/MyBatisDemo/target/classes/com/sisyphuswxg/mybatis/po/BatchItem.class
DEBUG [main] - Not a JAR: file:/Users/wangxg/JavaCode/Java_SpringMVC_MyBatis_Learning/MyBatisDemo/target/classes/com/sisyphuswxg/mybatis/po/BatchItem.class
DEBUG [main] - Reader entry: ����&amp;#0;&amp;#0;&amp;#0;4&amp;#0;G
DEBUG [main] - Find JAR URL: file:/Users/wangxg/JavaCode/Java_SpringMVC_MyBatis_Learning/MyBatisDemo/target/classes/com/sisyphuswxg/mybatis/po/Customer.class
DEBUG [main] - Not a JAR: file:/Users/wangxg/JavaCode/Java_SpringMVC_MyBatis_Learning/MyBatisDemo/target/classes/com/sisyphuswxg/mybatis/po/Customer.class
DEBUG [main] - Reader entry: ����&amp;#0;&amp;#0;&amp;#0;4&amp;#0;&gt;
DEBUG [main] - Find JAR URL: file:/Users/wangxg/JavaCode/Java_SpringMVC_MyBatis_Learning/MyBatisDemo/target/classes/com/sisyphuswxg/mybatis/po/FinacialProduct.class
DEBUG [main] - Not a JAR: file:/Users/wangxg/JavaCode/Java_SpringMVC_MyBatis_Learning/MyBatisDemo/target/classes/com/sisyphuswxg/mybatis/po/FinacialProduct.class
DEBUG [main] - Reader entry: ����&amp;#0;&amp;#0;&amp;#0;4&amp;#0;:
DEBUG [main] - Find JAR URL: file:/Users/wangxg/JavaCode/Java_SpringMVC_MyBatis_Learning/MyBatisDemo/target/classes/com/sisyphuswxg/mybatis/po/GamePlayer.class
DEBUG [main] - Not a JAR: file:/Users/wangxg/JavaCode/Java_SpringMVC_MyBatis_Learning/MyBatisDemo/target/classes/com/sisyphuswxg/mybatis/po/GamePlayer.class
DEBUG [main] - Reader entry: ����&amp;#0;&amp;#0;&amp;#0;4&amp;#0;2
DEBUG [main] - Find JAR URL: file:/Users/wangxg/JavaCode/Java_SpringMVC_MyBatis_Learning/MyBatisDemo/target/classes/com/sisyphuswxg/mybatis/po/Product.class
DEBUG [main] - Not a JAR: file:/Users/wangxg/JavaCode/Java_SpringMVC_MyBatis_Learning/MyBatisDemo/target/classes/com/sisyphuswxg/mybatis/po/Product.class
DEBUG [main] - Reader entry: ����&amp;#0;&amp;#0;&amp;#0;4&amp;#0;-
DEBUG [main] - Find JAR URL: file:/Users/wangxg/JavaCode/Java_SpringMVC_MyBatis_Learning/MyBatisDemo/target/classes/com/sisyphuswxg/mybatis/po/User.class
DEBUG [main] - Not a JAR: file:/Users/wangxg/JavaCode/Java_SpringMVC_MyBatis_Learning/MyBatisDemo/target/classes/com/sisyphuswxg/mybatis/po/User.class
DEBUG [main] - Reader entry: ����&amp;#0;&amp;#0;&amp;#0;4&amp;#0;D
DEBUG [main] - Find JAR URL: file:/Users/wangxg/JavaCode/Java_SpringMVC_MyBatis_Learning/MyBatisDemo/target/classes/com/sisyphuswxg/mybatis/po/UserInstance.class
DEBUG [main] - Not a JAR: file:/Users/wangxg/JavaCode/Java_SpringMVC_MyBatis_Learning/MyBatisDemo/target/classes/com/sisyphuswxg/mybatis/po/UserInstance.class
DEBUG [main] - Reader entry: ����&amp;#0;&amp;#0;&amp;#0;4&amp;#0;&amp;#16;
DEBUG [main] - Find JAR URL: file:/Users/wangxg/JavaCode/Java_SpringMVC_MyBatis_Learning/MyBatisDemo/target/classes/com/sisyphuswxg/mybatis/po/UserQueryInfo.class
DEBUG [main] - Not a JAR: file:/Users/wangxg/JavaCode/Java_SpringMVC_MyBatis_Learning/MyBatisDemo/target/classes/com/sisyphuswxg/mybatis/po/UserQueryInfo.class
DEBUG [main] - Reader entry: ����&amp;#0;&amp;#0;&amp;#0;4&amp;#0;&amp;#24;
DEBUG [main] - Checking to see if class com.sisyphuswxg.mybatis.po.Batch matches criteria [is assignable to Object]
DEBUG [main] - Checking to see if class com.sisyphuswxg.mybatis.po.BatchCustomer matches criteria [is assignable to Object]
DEBUG [main] - Checking to see if class com.sisyphuswxg.mybatis.po.BatchDetail matches criteria [is assignable to Object]
DEBUG [main] - Checking to see if class com.sisyphuswxg.mybatis.po.BatchItem matches criteria [is assignable to Object]
DEBUG [main] - Checking to see if class com.sisyphuswxg.mybatis.po.Customer matches criteria [is assignable to Object]
DEBUG [main] - Checking to see if class com.sisyphuswxg.mybatis.po.FinacialProduct matches criteria [is assignable to Object]
DEBUG [main] - Checking to see if class com.sisyphuswxg.mybatis.po.GamePlayer matches criteria [is assignable to Object]
DEBUG [main] - Checking to see if class com.sisyphuswxg.mybatis.po.Product matches criteria [is assignable to Object]
DEBUG [main] - Checking to see if class com.sisyphuswxg.mybatis.po.User matches criteria [is assignable to Object]
DEBUG [main] - Checking to see if class com.sisyphuswxg.mybatis.po.UserInstance matches criteria [is assignable to Object]
DEBUG [main] - Checking to see if class com.sisyphuswxg.mybatis.po.UserQueryInfo matches criteria [is assignable to Object]
DEBUG [main] - Find JAR URL: file:/Users/wangxg/JavaCode/Java_SpringMVC_MyBatis_Learning/MyBatisDemo/target/classes/com/sisyphuswxg/mybatis/model
DEBUG [main] - Not a JAR: file:/Users/wangxg/JavaCode/Java_SpringMVC_MyBatis_Learning/MyBatisDemo/target/classes/com/sisyphuswxg/mybatis/model
DEBUG [main] - Reader entry: Country.class
DEBUG [main] - Listing file:/Users/wangxg/JavaCode/Java_SpringMVC_MyBatis_Learning/MyBatisDemo/target/classes/com/sisyphuswxg/mybatis/model
DEBUG [main] - Find JAR URL: file:/Users/wangxg/JavaCode/Java_SpringMVC_MyBatis_Learning/MyBatisDemo/target/classes/com/sisyphuswxg/mybatis/model/Country.class
DEBUG [main] - Not a JAR: file:/Users/wangxg/JavaCode/Java_SpringMVC_MyBatis_Learning/MyBatisDemo/target/classes/com/sisyphuswxg/mybatis/model/Country.class
DEBUG [main] - Reader entry: ����&amp;#0;&amp;#0;&amp;#0;4&amp;#0;%
DEBUG [main] - Checking to see if class com.sisyphuswxg.mybatis.model.Country matches criteria [is assignable to Object]
DEBUG [main] - PooledDataSource forcefully closed/removed all connections.
DEBUG [main] - PooledDataSource forcefully closed/removed all connections.
DEBUG [main] - PooledDataSource forcefully closed/removed all connections.
DEBUG [main] - PooledDataSource forcefully closed/removed all connections.
DEBUG [main] - Opening JDBC Connection
DEBUG [main] - Created connection 1219273867.
DEBUG [main] - Setting autocommit to false on JDBC Connection [com.mysql.cj.jdbc.ConnectionImpl@48aca48b]
DEBUG [main] - ==&gt;  Preparing: SELECT BATCH.*, CUSTOMER.username, CUSTOMER.acno, BATCHDETAIL.product_id, BATCHDETAIL.product_num FROM BATCH, CUSTOMER, BATCHDETAIL WHERE BATCH.cus_id = CUSTOMER.cus_id AND BATCHDETAIL.batch_id = BATCH.batch_id
DEBUG [main] - ==&gt; Parameters: 
DEBUG [main] - &lt;==      Total: 5
</system-out>
  </testcase>
  <testcase classname="com.sisyphuswxg.mybatis.UserTest" name="testBatchCustomerToMap" time="0.078"/>
  <testcase classname="com.sisyphuswxg.mybatis.UserTest" name="testGamePlayerInfo" time="0.079"/>
  <testcase classname="com.sisyphuswxg.mybatis.UserTest" name="testBatchCustomer" time="0.075"/>
  <testcase classname="com.sisyphuswxg.mybatis.UserTest" name="Testupdate" time="0.112"/>
  <testcase classname="com.sisyphuswxg.mybatis.UserTest" name="testUserList" time="0.06"/>
  <testcase classname="com.sisyphuswxg.mybatis.UserTest" name="testFindUserList" time="0.089"/>
  <testcase classname="com.sisyphuswxg.mybatis.UserTest" name="TestSelectById" time="0.071"/>
  <testcase classname="com.sisyphuswxg.mybatis.UserTest" name="TestFuzzySearch" time="0.056"/>
</testsuite>